TN:
SF:src\app.ts
FNF:0
FNH:0
DA:8,1
DA:9,1
DA:10,1
DA:11,1
DA:12,1
DA:13,1
DA:14,0
DA:16,1
LF:8
LH:7
BRDA:13,0,0,0
BRF:1
BRH:0
end_of_record
TN:
SF:src\database.ts
FNF:0
FNH:0
DA:3,2
DA:4,2
LF:2
LH:2
BRF:0
BRH:0
end_of_record
TN:
SF:src\controllers\recommendationController.ts
FN:6,insert
FN:17,upvote
FN:25,downvote
FN:33,random
FN:39,get
FN:44,getTop
FN:51,getById
FNF:7
FNH:7
FNDA:3,insert
FNDA:2,upvote
FNDA:2,downvote
FNDA:1,random
FNDA:1,get
FNDA:1,getTop
FNDA:1,getById
DA:7,3
DA:8,3
DA:9,1
DA:12,2
DA:14,1
DA:18,2
DA:20,2
DA:22,1
DA:26,2
DA:28,2
DA:30,1
DA:34,1
DA:36,1
DA:40,1
DA:41,1
DA:45,1
DA:47,1
DA:48,1
DA:52,1
DA:54,1
DA:55,1
DA:58,1
LF:22
LH:22
BRDA:8,0,0,1
BRF:1
BRH:1
end_of_record
TN:
SF:src\controllers\testController.ts
FN:4,reset
FN:10,seed
FNF:2
FNH:0
FNDA:0,reset
FNDA:0,seed
DA:5,0
DA:6,0
DA:7,0
DA:11,0
DA:13,0
LF:5
LH:0
BRF:0
BRH:0
end_of_record
TN:
SF:src\middlewares\errorHandlerMiddleware.ts
FN:8,errorHandlerMiddleware
FNF:1
FNH:1
FNDA:4,errorHandlerMiddleware
DA:14,4
DA:16,4
DA:17,4
DA:20,0
LF:4
LH:3
BRDA:16,0,0,4
BRF:1
BRH:1
end_of_record
TN:
SF:src\repositories\recommendationRepository.ts
FN:5,create
FN:16,findAll
FN:26,getAmountByScore
FN:33,getFindAllFilter
FN:45,find
FN:51,findByName
FN:57,updateScore
FN:66,remove
FNF:8
FNH:7
FNDA:1,create
FNDA:3,findAll
FNDA:1,getAmountByScore
FNDA:3,getFindAllFilter
FNDA:6,find
FNDA:2,findByName
FNDA:2,updateScore
FNDA:0,remove
DA:6,1
DA:17,3
DA:19,3
DA:27,1
DA:36,3
DA:38,1
DA:40,1
DA:46,6
DA:52,2
DA:58,2
DA:67,0
DA:72,2
LF:12
LH:11
BRDA:36,0,0,2
BRF:1
BRH:1
end_of_record
TN:
SF:src\repositories\testsRepository.ts
FN:3,truncate
FN:7,seed
FNF:2
FNH:0
FNDA:0,truncate
FNDA:0,seed
DA:4,0
DA:8,0
DA:44,1
LF:3
LH:1
BRF:0
BRH:0
end_of_record
TN:
SF:src\routers\recommendationRouter.ts
FNF:0
FNH:0
DA:4,1
DA:6,1
DA:7,1
DA:8,1
DA:9,1
DA:10,1
DA:11,1
DA:12,1
LF:8
LH:8
BRF:0
BRH:0
end_of_record
TN:
SF:src\routers\testsRouter.ts
FNF:0
FNH:0
DA:4,1
DA:6,1
DA:7,1
LF:3
LH:3
BRF:0
BRH:0
end_of_record
TN:
SF:src\schemas\recommendationsSchemas.ts
FNF:0
FNH:0
DA:4,1
DA:6,1
LF:2
LH:2
BRF:0
BRH:0
end_of_record
TN:
SF:src\services\recommendationsService.ts
FN:7,insert
FN:17,upvote
FN:23,downvote
FN:36,getByIdOrFail
FN:43,get
FN:47,getTop
FN:51,getRandom
FN:64,getByScore
FN:77,getScoreFilter
FNF:9
FNH:9
FNDA:4,insert
FNDA:3,upvote
FNDA:4,downvote
FNDA:10,getByIdOrFail
FNDA:2,get
FNDA:2,getTop
FNDA:1,getRandom
FNDA:1,getByScore
FNDA:1,getScoreFilter
DA:8,4
DA:11,4
DA:12,2
DA:14,2
DA:18,3
DA:20,2
DA:24,4
DA:26,3
DA:31,3
DA:32,0
DA:37,10
DA:38,10
DA:40,7
DA:44,2
DA:48,2
DA:52,1
DA:53,1
DA:55,1
DA:56,1
DA:57,0
DA:60,1
DA:61,1
DA:65,1
DA:70,1
DA:71,0
DA:74,1
DA:78,1
DA:79,1
DA:82,0
DA:85,2
LF:30
LH:26
BRDA:11,0,0,2
BRDA:31,1,0,0
BRDA:38,2,0,3
BRDA:56,3,0,0
BRDA:70,4,0,0
BRDA:78,5,0,1
BRF:6
BRH:3
end_of_record
TN:
SF:src\services\testServices.ts
FN:3,truncate
FN:7,seed
FNF:2
FNH:0
FNDA:0,truncate
FNDA:0,seed
DA:4,0
DA:8,0
DA:11,1
LF:3
LH:1
BRF:0
BRH:0
end_of_record
TN:
SF:src\utils\errorUtils.ts
FN:7,isAppError
FN:11,errorTypeToStatusCode
FN:19,conflictError
FN:23,notFoundError
FN:27,unauthorizedError
FN:31,wrongSchemaError
FNF:6
FNH:5
FNDA:4,isAppError
FNDA:4,errorTypeToStatusCode
FNDA:2,conflictError
FNDA:3,notFoundError
FNDA:0,unauthorizedError
FNDA:1,wrongSchemaError
DA:8,4
DA:12,4
DA:13,3
DA:14,1
DA:15,1
DA:16,0
DA:20,2
DA:24,3
DA:28,0
DA:32,1
LF:10
LH:8
BRDA:12,0,0,1
BRDA:13,1,0,2
BRDA:14,2,0,0
BRDA:15,3,0,1
BRDA:20,4,0,2
BRDA:20,4,1,0
BRDA:20,5,0,2
BRDA:20,5,1,2
BRDA:24,6,0,0
BRDA:24,6,1,3
BRDA:24,7,0,3
BRDA:24,7,1,3
BRDA:28,8,0,0
BRDA:28,8,1,0
BRDA:28,9,0,0
BRDA:28,9,1,0
BRDA:32,10,0,0
BRDA:32,10,1,1
BRDA:32,11,0,1
BRDA:32,11,1,1
BRF:20
BRH:12
end_of_record
